<?xml version="1.0" encoding="UTF-8"?>
<!-- Generated by org.testng.reporters.JUnitReportReporter -->
<testsuite skipped="0" hostname="vipin-Aspire-4736Z" name="Automation.FrameWork.RestAssuredTest_whether" tests="1" failures="0" timestamp="20 Jan 2018 19:01:12 GMT" time="5.695" errors="0">
  <testcase name="getRequest" time="5.695" classname="Automation.FrameWork.RestAssuredTest_whether"/>
</testsuite> <!-- Automation.FrameWork.RestAssuredTest_whether -->
