<?xml version="1.0" encoding="UTF-8"?>
<!-- Generated by org.testng.reporters.JUnitReportReporter -->
<testsuite skipped="0" hostname="vipin-Aspire-4736Z" name="Automation.FrameWork.RestAssuredTestCases" tests="4" failures="0" timestamp="17 Jan 2018 16:43:29 GMT" time="10.527" errors="0">
  <testcase name="postRequest" time="1.042" classname="Automation.FrameWork.RestAssuredTestCases"/>
  <testcase name="postRequest2" time="0.797" classname="Automation.FrameWork.RestAssuredTestCases"/>
  <testcase name="getRequest" time="7.902" classname="Automation.FrameWork.RestAssuredTestCases"/>
  <testcase name="postRequest1" time="0.786" classname="Automation.FrameWork.RestAssuredTestCases"/>
</testsuite> <!-- Automation.FrameWork.RestAssuredTestCases -->
