<?xml version="1.0" encoding="UTF-8"?>
<!-- Generated by org.testng.reporters.JUnitReportReporter -->
<testsuite skipped="0" hostname="vipin-Aspire-4736Z" name="Automation.FrameWork.TestCase" tests="1" failures="0" timestamp="20 Jan 2018 13:39:45 GMT" time="5.168" errors="0">
  <testcase name="test1" time="5.168" classname="Automation.FrameWork.TestCase"/>
</testsuite> <!-- Automation.FrameWork.TestCase -->
